<?xml version="1.0" encoding="UTF-8"?>
<testng-results skipped="0" failed="0" ignored="0" total="1" passed="1">
  <reporter-output>
  </reporter-output>
  <suite name="SampleImageTest" duration-ms="2859" started-at="2022-02-21T16:56:13 IST" finished-at="2022-02-21T16:56:16 IST">
    <groups>
    </groups>
    <test name="Command line test" duration-ms="2859" started-at="2022-02-21T16:56:13 IST" finished-at="2022-02-21T16:56:16 IST">
      <class name="SampleImageTest">
        <test-method status="PASS" signature="checkImageTypeTest()[pri:0, instance:SampleImageTest@5649fd9b]" name="checkImageTypeTest" duration-ms="2826" started-at="2022-02-21T16:56:13 IST" finished-at="2022-02-21T16:56:16 IST">
          <reporter-output>
          </reporter-output>
        </test-method> <!-- checkImageTypeTest -->
      </class> <!-- SampleImageTest -->
    </test> <!-- Command line test -->
  </suite> <!-- SampleImageTest -->
</testng-results>
